# JRE version: OpenJDK Runtime Environment (11.0.1+13) (build 11.0.1+13-LTS)
# Java VM: OpenJDK 64-Bit Server VM (11.0.1+13-LTS, mixed mode, tiered, compressed oops, serial gc, linux-amd64)
Heap:
 def new generation   total 301760K, used 22508K [0x0000000080000000, 0x0000000094760000, 0x00000000aaaa0000)
  eden space 268288K,   3% used [0x0000000080000000, 0x000000008091df28, 0x0000000090600000)
  from space 33472K,  39% used [0x0000000090600000, 0x00000000912dd3a0, 0x00000000926b0000)
  to   space 33472K,   0% used [0x00000000926b0000, 0x00000000926b0000, 0x0000000094760000)
 tenured generation   total 670400K, used 37503K [0x00000000aaaa0000, 0x00000000d3950000, 0x0000000100000000)
   the space 670400K,   5% used [0x00000000aaaa0000, 0x00000000acf3ffb0, 0x00000000acf40000, 0x00000000d3950000)
 Metaspace       used 42220K, capacity 45185K, committed 45352K, reserved 1089536K
  class space    used 4857K, capacity 5899K, committed 6016K, reserved 1048576K
GC Heap History (10 events):
Event: 12.343 GC heap before
{Heap before GC invocations=1 (full 1):
 def new generation   total 301760K, used 254970K [0x0000000080000000, 0x0000000094760000, 0x00000000aaaa0000)
  eden space 268288K,  95% used [0x0000000080000000, 0x000000008f8fe9f0, 0x0000000090600000)
  from space 33472K,   0% used [0x0000000090600000, 0x0000000090600000, 0x00000000926b0000)
  to   space 33472K,   0% used [0x00000000926b0000, 0x00000000926b0000, 0x0000000094760000)
 tenured generation   total 670400K, used 14376K [0x00000000aaaa0000, 0x00000000d3950000, 0x0000000100000000)
   the space 670400K,   2% used [0x00000000aaaa0000, 0x00000000ab8aa228, 0x00000000ab8aa400, 0x00000000d3950000)
 Metaspace       used 33942K, capacity 35233K, committed 35496K, reserved 1081344K
  class space    used 3751K, capacity 4239K, committed 4352K, reserved 1048576K
}
Event: 12.526 GC heap after
{Heap after GC invocations=2 (full 2):
 def new generation   total 301760K, used 0K [0x0000000080000000, 0x0000000094760000, 0x00000000aaaa0000)
  eden space 268288K,   0% used [0x0000000080000000, 0x0000000080000000, 0x0000000090600000)
  from space 33472K,   0% used [0x0000000090600000, 0x0000000090600000, 0x00000000926b0000)
  to   space 33472K,   0% used [0x00000000926b0000, 0x00000000926b0000, 0x0000000094760000)
 tenured generation   total 670400K, used 31330K [0x00000000aaaa0000, 0x00000000d3950000, 0x0000000100000000)
   the space 670400K,   4% used [0x00000000aaaa0000, 0x00000000ac938a48, 0x00000000ac938c00, 0x00000000d3950000)
 Metaspace       used 33942K, capacity 35233K, committed 35496K, reserved 1081344K
  class space    used 3751K, capacity 4239K, committed 4352K, reserved 1048576K
}
Event: 16.680 GC heap before
{Heap before GC invocations=2 (full 2):
 def new generation   total 301760K, used 268288K [0x0000000080000000, 0x0000000094760000, 0x00000000aaaa0000)
  eden space 268288K, 100% used [0x0000000080000000, 0x0000000090600000, 0x0000000090600000)
  from space 33472K,   0% used [0x0000000090600000, 0x0000000090600000, 0x00000000926b0000)
  to   space 33472K,   0% used [0x00000000926b0000, 0x00000000926b0000, 0x0000000094760000)
 tenured generation   total 670400K, used 31330K [0x00000000aaaa0000, 0x00000000d3950000, 0x0000000100000000)
   the space 670400K,   4% used [0x00000000aaaa0000, 0x00000000ac938a48, 0x00000000ac938c00, 0x00000000d3950000)
 Metaspace       used 37524K, capacity 39149K, committed 39208K, reserved 1083392K
  class space    used 4147K, capacity 4730K, committed 4736K, reserved 1048576K
}
Event: 16.701 GC heap after
{Heap after GC invocations=3 (full 2):
 def new generation   total 301760K, used 6436K [0x0000000080000000, 0x0000000094760000, 0x00000000aaaa0000)
  eden space 268288K,   0% used [0x0000000080000000, 0x0000000080000000, 0x0000000090600000)
  from space 33472K,  19% used [0x00000000926b0000, 0x0000000092cf9328, 0x0000000094760000)
  to   space 33472K,   0% used [0x0000000090600000, 0x0000000090600000, 0x00000000926b0000)
 tenured generation   total 670400K, used 31330K [0x00000000aaaa0000, 0x00000000d3950000, 0x0000000100000000)
   the space 670400K,   4% used [0x00000000aaaa0000, 0x00000000ac938a48, 0x00000000ac938c00, 0x00000000d3950000)
 Metaspace       used 37524K, capacity 39149K, committed 39208K, reserved 1083392K
  class space    used 4147K, capacity 4730K, committed 4736K, reserved 1048576K
}
Event: 26.286 GC heap before
{Heap before GC invocations=3 (full 2):
 def new generation   total 301760K, used 274724K [0x0000000080000000, 0x0000000094760000, 0x00000000aaaa0000)
  eden space 268288K, 100% used [0x0000000080000000, 0x0000000090600000, 0x0000000090600000)
  from space 33472K,  19% used [0x00000000926b0000, 0x0000000092cf9328, 0x0000000094760000)
  to   space 33472K,   0% used [0x0000000090600000, 0x0000000090600000, 0x00000000926b0000)
 tenured generation   total 670400K, used 31330K [0x00000000aaaa0000, 0x00000000d3950000, 0x0000000100000000)
   the space 670400K,   4% used [0x00000000aaaa0000, 0x00000000ac938a48, 0x00000000ac938c00, 0x00000000d3950000)
 Metaspace       used 38581K, capacity 40599K, committed 40744K, reserved 1085440K
  class space    used 4270K, capacity 4940K, committed 4992K, reserved 1048576K
}
Event: 26.304 GC heap after
{Heap after GC invocations=4 (full 2):
 def new generation   total 301760K, used 9218K [0x0000000080000000, 0x0000000094760000, 0x00000000aaaa0000)
  eden space 268288K,   0% used [0x0000000080000000, 0x0000000080000000, 0x0000000090600000)
  from space 33472K,  27% used [0x0000000090600000, 0x0000000090f008d8, 0x00000000926b0000)
  to   space 33472K,   0% used [0x00000000926b0000, 0x00000000926b0000, 0x0000000094760000)
 tenured generation   total 670400K, used 31330K [0x00000000aaaa0000, 0x00000000d3950000, 0x0000000100000000)
   the space 670400K,   4% used [0x00000000aaaa0000, 0x00000000ac938a48, 0x00000000ac938c00, 0x00000000d3950000)
 Metaspace       used 38581K, capacity 40599K, committed 40744K, reserved 1085440K
  class space    used 4270K, capacity 4940K, committed 4992K, reserved 1048576K
}
Event: 49.800 GC heap before
{Heap before GC invocations=4 (full 2):
 def new generation   total 301760K, used 277506K [0x0000000080000000, 0x0000000094760000, 0x00000000aaaa0000)
  eden space 268288K, 100% used [0x0000000080000000, 0x0000000090600000, 0x0000000090600000)
  from space 33472K,  27% used [0x0000000090600000, 0x0000000090f00a68, 0x00000000926b0000)
  to   space 33472K,   0% used [0x00000000926b0000, 0x00000000926b0000, 0x0000000094760000)
 tenured generation   total 670400K, used 31330K [0x00000000aaaa0000, 0x00000000d3950000, 0x0000000100000000)
   the space 670400K,   4% used [0x00000000aaaa0000, 0x00000000ac938a48, 0x00000000ac938c00, 0x00000000d3950000)
 Metaspace       used 42213K, capacity 45185K, committed 45352K, reserved 1089536K
  class space    used 4856K, capacity 5899K, committed 6016K, reserved 1048576K
}
Event: 49.926 GC heap after
{Heap after GC invocations=5 (full 2):
 def new generation   total 301760K, used 19346K [0x0000000080000000, 0x0000000094760000, 0x00000000aaaa0000)
  eden space 268288K,   0% used [0x0000000080000000, 0x0000000080000000, 0x0000000090600000)
  from space 33472K,  57% used [0x00000000926b0000, 0x00000000939949a8, 0x0000000094760000)
  to   space 33472K,   0% used [0x0000000090600000, 0x0000000090600000, 0x00000000926b0000)
 tenured generation   total 670400K, used 31330K [0x00000000aaaa0000, 0x00000000d3950000, 0x0000000100000000)
   the space 670400K,   4% used [0x00000000aaaa0000, 0x00000000ac938a48, 0x00000000ac938c00, 0x00000000d3950000)
 Metaspace       used 42213K, capacity 45185K, committed 45352K, reserved 1089536K
  class space    used 4856K, capacity 5899K, committed 6016K, reserved 1048576K
}
Event: 49.926 GC heap before
{Heap before GC invocations=5 (full 2):
 def new generation   total 301760K, used 25124K [0x0000000080000000, 0x0000000094760000, 0x00000000aaaa0000)
  eden space 268288K,   2% used [0x0000000080000000, 0x00000000805a4838, 0x0000000090600000)
  from space 33472K,  57% used [0x00000000926b0000, 0x00000000939949a8, 0x0000000094760000)
  to   space 33472K,   0% used [0x0000000090600000, 0x0000000090600000, 0x00000000926b0000)
 tenured generation   total 670400K, used 31330K [0x00000000aaaa0000, 0x00000000d3950000, 0x0000000100000000)
   the space 670400K,   4% used [0x00000000aaaa0000, 0x00000000ac938a48, 0x00000000ac938c00, 0x00000000d3950000)
 Metaspace       used 42213K, capacity 45185K, committed 45352K, reserved 1089536K
  class space    used 4856K, capacity 5899K, committed 6016K, reserved 1048576K
}
Event: 50.003 GC heap after
{Heap after GC invocations=6 (full 2):
 def new generation   total 301760K, used 13172K [0x0000000080000000, 0x0000000094760000, 0x00000000aaaa0000)
  eden space 268288K,   0% used [0x0000000080000000, 0x0000000080000000, 0x0000000090600000)
  from space 33472K,  39% used [0x0000000090600000, 0x00000000912dd3a0, 0x00000000926b0000)
  to   space 33472K,   0% used [0x00000000926b0000, 0x00000000926b0000, 0x0000000094760000)
 tenured generation   total 670400K, used 37503K [0x00000000aaaa0000, 0x00000000d3950000, 0x0000000100000000)
   the space 670400K,   5% used [0x00000000aaaa0000, 0x00000000acf3ffb0, 0x00000000acf40000, 0x00000000d3950000)
 Metaspace       used 42213K, capacity 45185K, committed 45352K, reserved 1089536K
  class space    used 4856K, capacity 5899K, committed 6016K, reserved 1048576K
}

