# JRE version: OpenJDK Runtime Environment (11.0.1+13) (build 11.0.1+13-LTS)
# Java VM: OpenJDK 64-Bit Server VM (11.0.1+13-LTS, mixed mode, tiered, compressed oops, serial gc, linux-amd64)
Heap:
 def new generation   total 153728K, used 52951K [0x0000000080000000, 0x000000008a6c0000, 0x00000000aaaa0000)
  eden space 136704K,  36% used [0x0000000080000000, 0x0000000083043fd8, 0x0000000088580000)
  from space 17024K,  20% used [0x0000000088580000, 0x00000000888f1ec0, 0x0000000089620000)
  to   space 17024K,   0% used [0x0000000089620000, 0x0000000089620000, 0x000000008a6c0000)
 tenured generation   total 341376K, used 31939K [0x00000000aaaa0000, 0x00000000bf800000, 0x0000000100000000)
   the space 341376K,   9% used [0x00000000aaaa0000, 0x00000000ac9d0c08, 0x00000000ac9d0e00, 0x00000000bf800000)
 Metaspace       used 39100K, capacity 40918K, committed 41256K, reserved 1085440K
  class space    used 4481K, capacity 5173K, committed 5248K, reserved 1048576K
GC Heap History (8 events):
Event: 2.266 GC heap before
{Heap before GC invocations=0 (full 0):
 def new generation   total 153600K, used 95507K [0x0000000080000000, 0x000000008a6a0000, 0x00000000aaaa0000)
  eden space 136576K,  69% used [0x0000000080000000, 0x0000000085d44d00, 0x0000000088560000)
  from space 17024K,   0% used [0x0000000088560000, 0x0000000088560000, 0x0000000089600000)
  to   space 17024K,   0% used [0x0000000089600000, 0x0000000089600000, 0x000000008a6a0000)
 tenured generation   total 341376K, used 0K [0x00000000aaaa0000, 0x00000000bf800000, 0x0000000100000000)
   the space 341376K,   0% used [0x00000000aaaa0000, 0x00000000aaaa0000, 0x00000000aaaa0200, 0x00000000bf800000)
 Metaspace       used 20810K, capacity 21182K, committed 21296K, reserved 1069056K
  class space    used 1967K, capacity 2116K, committed 2176K, reserved 1048576K
}
Event: 2.374 GC heap after
{Heap after GC invocations=1 (full 1):
 def new generation   total 153728K, used 0K [0x0000000080000000, 0x000000008a6c0000, 0x00000000aaaa0000)
  eden space 136704K,   0% used [0x0000000080000000, 0x0000000080000000, 0x0000000088580000)
  from space 17024K,   0% used [0x0000000088580000, 0x0000000088580000, 0x0000000089620000)
  to   space 17024K,   0% used [0x0000000089620000, 0x0000000089620000, 0x000000008a6c0000)
 tenured generation   total 341376K, used 14277K [0x00000000aaaa0000, 0x00000000bf800000, 0x0000000100000000)
   the space 341376K,   4% used [0x00000000aaaa0000, 0x00000000ab8915e0, 0x00000000ab891600, 0x00000000bf800000)
 Metaspace       used 20810K, capacity 21182K, committed 21296K, reserved 1069056K
  class space    used 1967K, capacity 2116K, committed 2176K, reserved 1048576K
}
Event: 3.869 GC heap before
{Heap before GC invocations=1 (full 1):
 def new generation   total 153728K, used 136704K [0x0000000080000000, 0x000000008a6c0000, 0x00000000aaaa0000)
  eden space 136704K, 100% used [0x0000000080000000, 0x0000000088580000, 0x0000000088580000)
  from space 17024K,   0% used [0x0000000088580000, 0x0000000088580000, 0x0000000089620000)
  to   space 17024K,   0% used [0x0000000089620000, 0x0000000089620000, 0x000000008a6c0000)
 tenured generation   total 341376K, used 14277K [0x00000000aaaa0000, 0x00000000bf800000, 0x0000000100000000)
   the space 341376K,   4% used [0x00000000aaaa0000, 0x00000000ab8915e0, 0x00000000ab891600, 0x00000000bf800000)
 Metaspace       used 27764K, capacity 28506K, committed 28592K, reserved 1075200K
  class space    used 3022K, capacity 3290K, committed 3328K, reserved 1048576K
}
Event: 3.895 GC heap after
{Heap after GC invocations=2 (full 1):
 def new generation   total 153728K, used 10471K [0x0000000080000000, 0x000000008a6c0000, 0x00000000aaaa0000)
  eden space 136704K,   0% used [0x0000000080000000, 0x0000000080000000, 0x0000000088580000)
  from space 17024K,  61% used [0x0000000089620000, 0x000000008a059f98, 0x000000008a6c0000)
  to   space 17024K,   0% used [0x0000000088580000, 0x0000000088580000, 0x0000000089620000)
 tenured generation   total 341376K, used 14277K [0x00000000aaaa0000, 0x00000000bf800000, 0x0000000100000000)
   the space 341376K,   4% used [0x00000000aaaa0000, 0x00000000ab8915e0, 0x00000000ab891600, 0x00000000bf800000)
 Metaspace       used 27764K, capacity 28506K, committed 28592K, reserved 1075200K
  class space    used 3022K, capacity 3290K, committed 3328K, reserved 1048576K
}
Event: 5.482 GC heap before
{Heap before GC invocations=2 (full 1):
 def new generation   total 153728K, used 133352K [0x0000000080000000, 0x000000008a6c0000, 0x00000000aaaa0000)
  eden space 136704K,  89% used [0x0000000080000000, 0x0000000087800298, 0x0000000088580000)
  from space 17024K,  61% used [0x0000000089620000, 0x000000008a059f98, 0x000000008a6c0000)
  to   space 17024K,   0% used [0x0000000088580000, 0x0000000088580000, 0x0000000089620000)
 tenured generation   total 341376K, used 14277K [0x00000000aaaa0000, 0x00000000bf800000, 0x0000000100000000)
   the space 341376K,   4% used [0x00000000aaaa0000, 0x00000000ab8915e0, 0x00000000ab891600, 0x00000000bf800000)
 Metaspace       used 34026K, capacity 35293K, committed 35496K, reserved 1081344K
  class space    used 3768K, capacity 4237K, committed 4352K, reserved 1048576K
}
Event: 5.638 GC heap after
{Heap after GC invocations=3 (full 2):
 def new generation   total 153728K, used 0K [0x0000000080000000, 0x000000008a6c0000, 0x00000000aaaa0000)
  eden space 136704K,   0% used [0x0000000080000000, 0x0000000080000000, 0x0000000088580000)
  from space 17024K,   0% used [0x0000000089620000, 0x0000000089620000, 0x000000008a6c0000)
  to   space 17024K,   0% used [0x0000000088580000, 0x0000000088580000, 0x0000000089620000)
 tenured generation   total 341376K, used 31939K [0x00000000aaaa0000, 0x00000000bf800000, 0x0000000100000000)
   the space 341376K,   9% used [0x00000000aaaa0000, 0x00000000ac9d0c08, 0x00000000ac9d0e00, 0x00000000bf800000)
 Metaspace       used 34026K, capacity 35293K, committed 35496K, reserved 1081344K
  class space    used 3768K, capacity 4237K, committed 4352K, reserved 1048576K
}
Event: 6.658 GC heap before
{Heap before GC invocations=3 (full 2):
 def new generation   total 153728K, used 136704K [0x0000000080000000, 0x000000008a6c0000, 0x00000000aaaa0000)
  eden space 136704K, 100% used [0x0000000080000000, 0x0000000088580000, 0x0000000088580000)
  from space 17024K,   0% used [0x0000000089620000, 0x0000000089620000, 0x000000008a6c0000)
  to   space 17024K,   0% used [0x0000000088580000, 0x0000000088580000, 0x0000000089620000)
 tenured generation   total 341376K, used 31939K [0x00000000aaaa0000, 0x00000000bf800000, 0x0000000100000000)
   the space 341376K,   9% used [0x00000000aaaa0000, 0x00000000ac9d0c08, 0x00000000ac9d0e00, 0x00000000bf800000)
 Metaspace       used 36823K, capacity 38229K, committed 38440K, reserved 1083392K
  class space    used 4105K, capacity 4620K, committed 4736K, reserved 1048576K
}
Event: 6.669 GC heap after
{Heap after GC invocations=4 (full 2):
 def new generation   total 153728K, used 3527K [0x0000000080000000, 0x000000008a6c0000, 0x00000000aaaa0000)
  eden space 136704K,   0% used [0x0000000080000000, 0x0000000080000000, 0x0000000088580000)
  from space 17024K,  20% used [0x0000000088580000, 0x00000000888f1ec0, 0x0000000089620000)
  to   space 17024K,   0% used [0x0000000089620000, 0x0000000089620000, 0x000000008a6c0000)
 tenured generation   total 341376K, used 31939K [0x00000000aaaa0000, 0x00000000bf800000, 0x0000000100000000)
   the space 341376K,   9% used [0x00000000aaaa0000, 0x00000000ac9d0c08, 0x00000000ac9d0e00, 0x00000000bf800000)
 Metaspace       used 36823K, capacity 38229K, committed 38440K, reserved 1083392K
  class space    used 4105K, capacity 4620K, committed 4736K, reserved 1048576K
}

