# JRE version: OpenJDK Runtime Environment (11.0.1+13) (build 11.0.1+13-LTS)
# Java VM: OpenJDK 64-Bit Server VM (11.0.1+13-LTS, mixed mode, tiered, compressed oops, serial gc, linux-amd64)
Heap:
 def new generation   total 153728K, used 57103K [0x0000000080000000, 0x000000008a6c0000, 0x00000000aaaa0000)
  eden space 136704K,  39% used [0x0000000080000000, 0x0000000083461770, 0x0000000088580000)
  from space 17024K,  20% used [0x0000000088580000, 0x00000000888e2558, 0x0000000089620000)
  to   space 17024K,   0% used [0x0000000089620000, 0x0000000089620000, 0x000000008a6c0000)
 tenured generation   total 341376K, used 31786K [0x00000000aaaa0000, 0x00000000bf800000, 0x0000000100000000)
   the space 341376K,   9% used [0x00000000aaaa0000, 0x00000000ac9aabf8, 0x00000000ac9aac00, 0x00000000bf800000)
 Metaspace       used 39121K, capacity 40969K, committed 41256K, reserved 1085440K
  class space    used 4481K, capacity 5169K, committed 5248K, reserved 1048576K
GC Heap History (8 events):
Event: 2.245 GC heap before
{Heap before GC invocations=0 (full 0):
 def new generation   total 153600K, used 95507K [0x0000000080000000, 0x000000008a6a0000, 0x00000000aaaa0000)
  eden space 136576K,  69% used [0x0000000080000000, 0x0000000085d44ff8, 0x0000000088560000)
  from space 17024K,   0% used [0x0000000088560000, 0x0000000088560000, 0x0000000089600000)
  to   space 17024K,   0% used [0x0000000089600000, 0x0000000089600000, 0x000000008a6a0000)
 tenured generation   total 341376K, used 0K [0x00000000aaaa0000, 0x00000000bf800000, 0x0000000100000000)
   the space 341376K,   0% used [0x00000000aaaa0000, 0x00000000aaaa0000, 0x00000000aaaa0200, 0x00000000bf800000)
 Metaspace       used 20813K, capacity 21116K, committed 21296K, reserved 1069056K
  class space    used 1968K, capacity 2116K, committed 2176K, reserved 1048576K
}
Event: 2.376 GC heap after
{Heap after GC invocations=1 (full 1):
 def new generation   total 153728K, used 0K [0x0000000080000000, 0x000000008a6c0000, 0x00000000aaaa0000)
  eden space 136704K,   0% used [0x0000000080000000, 0x0000000080000000, 0x0000000088580000)
  from space 17024K,   0% used [0x0000000088580000, 0x0000000088580000, 0x0000000089620000)
  to   space 17024K,   0% used [0x0000000089620000, 0x0000000089620000, 0x000000008a6c0000)
 tenured generation   total 341376K, used 14275K [0x00000000aaaa0000, 0x00000000bf800000, 0x0000000100000000)
   the space 341376K,   4% used [0x00000000aaaa0000, 0x00000000ab890ea0, 0x00000000ab891000, 0x00000000bf800000)
 Metaspace       used 20813K, capacity 21116K, committed 21296K, reserved 1069056K
  class space    used 1968K, capacity 2116K, committed 2176K, reserved 1048576K
}
Event: 3.972 GC heap before
{Heap before GC invocations=1 (full 1):
 def new generation   total 153728K, used 136704K [0x0000000080000000, 0x000000008a6c0000, 0x00000000aaaa0000)
  eden space 136704K, 100% used [0x0000000080000000, 0x0000000088580000, 0x0000000088580000)
  from space 17024K,   0% used [0x0000000088580000, 0x0000000088580000, 0x0000000089620000)
  to   space 17024K,   0% used [0x0000000089620000, 0x0000000089620000, 0x000000008a6c0000)
 tenured generation   total 341376K, used 14275K [0x00000000aaaa0000, 0x00000000bf800000, 0x0000000100000000)
   the space 341376K,   4% used [0x00000000aaaa0000, 0x00000000ab890ea0, 0x00000000ab891000, 0x00000000bf800000)
 Metaspace       used 27752K, capacity 28443K, committed 28672K, reserved 1075200K
  class space    used 3022K, capacity 3290K, committed 3328K, reserved 1048576K
}
Event: 4.048 GC heap after
{Heap after GC invocations=2 (full 1):
 def new generation   total 153728K, used 10489K [0x0000000080000000, 0x000000008a6c0000, 0x00000000aaaa0000)
  eden space 136704K,   0% used [0x0000000080000000, 0x0000000080000000, 0x0000000088580000)
  from space 17024K,  61% used [0x0000000089620000, 0x000000008a05e6b0, 0x000000008a6c0000)
  to   space 17024K,   0% used [0x0000000088580000, 0x0000000088580000, 0x0000000089620000)
 tenured generation   total 341376K, used 14275K [0x00000000aaaa0000, 0x00000000bf800000, 0x0000000100000000)
   the space 341376K,   4% used [0x00000000aaaa0000, 0x00000000ab890ea0, 0x00000000ab891000, 0x00000000bf800000)
 Metaspace       used 27752K, capacity 28443K, committed 28672K, reserved 1075200K
  class space    used 3022K, capacity 3290K, committed 3328K, reserved 1048576K
}
Event: 5.744 GC heap before
{Heap before GC invocations=2 (full 1):
 def new generation   total 153728K, used 130799K [0x0000000080000000, 0x000000008a6c0000, 0x00000000aaaa0000)
  eden space 136704K,  88% used [0x0000000080000000, 0x000000008757d558, 0x0000000088580000)
  from space 17024K,  61% used [0x0000000089620000, 0x000000008a05e6b0, 0x000000008a6c0000)
  to   space 17024K,   0% used [0x0000000088580000, 0x0000000088580000, 0x0000000089620000)
 tenured generation   total 341376K, used 14275K [0x00000000aaaa0000, 0x00000000bf800000, 0x0000000100000000)
   the space 341376K,   4% used [0x00000000aaaa0000, 0x00000000ab890ea0, 0x00000000ab891000, 0x00000000bf800000)
 Metaspace       used 33950K, capacity 35221K, committed 35496K, reserved 1081344K
  class space    used 3761K, capacity 4236K, committed 4352K, reserved 1048576K
}
Event: 5.874 GC heap after
{Heap after GC invocations=3 (full 2):
 def new generation   total 153728K, used 0K [0x0000000080000000, 0x000000008a6c0000, 0x00000000aaaa0000)
  eden space 136704K,   0% used [0x0000000080000000, 0x0000000080000000, 0x0000000088580000)
  from space 17024K,   0% used [0x0000000089620000, 0x0000000089620000, 0x000000008a6c0000)
  to   space 17024K,   0% used [0x0000000088580000, 0x0000000088580000, 0x0000000089620000)
 tenured generation   total 341376K, used 31786K [0x00000000aaaa0000, 0x00000000bf800000, 0x0000000100000000)
   the space 341376K,   9% used [0x00000000aaaa0000, 0x00000000ac9aabf8, 0x00000000ac9aac00, 0x00000000bf800000)
 Metaspace       used 33950K, capacity 35221K, committed 35496K, reserved 1081344K
  class space    used 3761K, capacity 4236K, committed 4352K, reserved 1048576K
}
Event: 6.958 GC heap before
{Heap before GC invocations=3 (full 2):
 def new generation   total 153728K, used 136704K [0x0000000080000000, 0x000000008a6c0000, 0x00000000aaaa0000)
  eden space 136704K, 100% used [0x0000000080000000, 0x0000000088580000, 0x0000000088580000)
  from space 17024K,   0% used [0x0000000089620000, 0x0000000089620000, 0x000000008a6c0000)
  to   space 17024K,   0% used [0x0000000088580000, 0x0000000088580000, 0x0000000089620000)
 tenured generation   total 341376K, used 31786K [0x00000000aaaa0000, 0x00000000bf800000, 0x0000000100000000)
   the space 341376K,   9% used [0x00000000aaaa0000, 0x00000000ac9aabf8, 0x00000000ac9aac00, 0x00000000bf800000)
 Metaspace       used 36709K, capacity 38105K, committed 38312K, reserved 1083392K
  class space    used 4092K, capacity 4580K, committed 4608K, reserved 1048576K
}
Event: 6.970 GC heap after
{Heap after GC invocations=4 (full 2):
 def new generation   total 153728K, used 3465K [0x0000000080000000, 0x000000008a6c0000, 0x00000000aaaa0000)
  eden space 136704K,   0% used [0x0000000080000000, 0x0000000080000000, 0x0000000088580000)
  from space 17024K,  20% used [0x0000000088580000, 0x00000000888e2558, 0x0000000089620000)
  to   space 17024K,   0% used [0x0000000089620000, 0x0000000089620000, 0x000000008a6c0000)
 tenured generation   total 341376K, used 31786K [0x00000000aaaa0000, 0x00000000bf800000, 0x0000000100000000)
   the space 341376K,   9% used [0x00000000aaaa0000, 0x00000000ac9aabf8, 0x00000000ac9aac00, 0x00000000bf800000)
 Metaspace       used 36709K, capacity 38105K, committed 38312K, reserved 1083392K
  class space    used 4092K, capacity 4580K, committed 4608K, reserved 1048576K
}

