# JRE version: OpenJDK Runtime Environment (11.0.1+13) (build 11.0.1+13-LTS)
# Java VM: OpenJDK 64-Bit Server VM (11.0.1+13-LTS, mixed mode, tiered, compressed oops, serial gc, linux-amd64)
Heap:
 def new generation   total 301760K, used 198623K [0x0000000080000000, 0x0000000094760000, 0x00000000aaaa0000)
  eden space 268288K,  74% used [0x0000000080000000, 0x000000008c1f7fe8, 0x0000000090600000)
  from space 33472K,   0% used [0x0000000090600000, 0x0000000090600000, 0x00000000926b0000)
  to   space 33472K,   0% used [0x00000000926b0000, 0x00000000926b0000, 0x0000000094760000)
 tenured generation   total 670400K, used 32118K [0x00000000aaaa0000, 0x00000000d3950000, 0x0000000100000000)
   the space 670400K,   4% used [0x00000000aaaa0000, 0x00000000ac9fd928, 0x00000000ac9fda00, 0x00000000d3950000)
 Metaspace       used 39142K, capacity 40957K, committed 41256K, reserved 1085440K
  class space    used 4480K, capacity 5166K, committed 5248K, reserved 1048576K
GC Heap History (4 events):
Event: 2.151 GC heap before
{Heap before GC invocations=0 (full 0):
 def new generation   total 301696K, used 96811K [0x0000000080000000, 0x0000000094750000, 0x00000000aaaa0000)
  eden space 268224K,  36% used [0x0000000080000000, 0x0000000085e8acb0, 0x00000000905f0000)
  from space 33472K,   0% used [0x00000000905f0000, 0x00000000905f0000, 0x00000000926a0000)
  to   space 33472K,   0% used [0x00000000926a0000, 0x00000000926a0000, 0x0000000094750000)
 tenured generation   total 670400K, used 0K [0x00000000aaaa0000, 0x00000000d3950000, 0x0000000100000000)
   the space 670400K,   0% used [0x00000000aaaa0000, 0x00000000aaaa0000, 0x00000000aaaa0200, 0x00000000d3950000)
 Metaspace       used 20691K, capacity 21109K, committed 21296K, reserved 1069056K
  class space    used 1954K, capacity 2114K, committed 2176K, reserved 1048576K
}
Event: 2.259 GC heap after
{Heap after GC invocations=1 (full 1):
 def new generation   total 301760K, used 0K [0x0000000080000000, 0x0000000094760000, 0x00000000aaaa0000)
  eden space 268288K,   0% used [0x0000000080000000, 0x0000000080000000, 0x0000000090600000)
  from space 33472K,   0% used [0x0000000090600000, 0x0000000090600000, 0x00000000926b0000)
  to   space 33472K,   0% used [0x00000000926b0000, 0x00000000926b0000, 0x0000000094760000)
 tenured generation   total 670400K, used 13742K [0x00000000aaaa0000, 0x00000000d3950000, 0x0000000100000000)
   the space 670400K,   2% used [0x00000000aaaa0000, 0x00000000ab80ba80, 0x00000000ab80bc00, 0x00000000d3950000)
 Metaspace       used 20691K, capacity 21109K, committed 21296K, reserved 1069056K
  class space    used 1954K, capacity 2114K, committed 2176K, reserved 1048576K
}
Event: 5.321 GC heap before
{Heap before GC invocations=1 (full 1):
 def new generation   total 301760K, used 268288K [0x0000000080000000, 0x0000000094760000, 0x00000000aaaa0000)
  eden space 268288K, 100% used [0x0000000080000000, 0x0000000090600000, 0x0000000090600000)
  from space 33472K,   0% used [0x0000000090600000, 0x0000000090600000, 0x00000000926b0000)
  to   space 33472K,   0% used [0x00000000926b0000, 0x00000000926b0000, 0x0000000094760000)
 tenured generation   total 670400K, used 13742K [0x00000000aaaa0000, 0x00000000d3950000, 0x0000000100000000)
   the space 670400K,   2% used [0x00000000aaaa0000, 0x00000000ab80ba80, 0x00000000ab80bc00, 0x00000000d3950000)
 Metaspace       used 34032K, capacity 35278K, committed 35496K, reserved 1081344K
  class space    used 3770K, capacity 4234K, committed 4352K, reserved 1048576K
}
Event: 5.468 GC heap after
{Heap after GC invocations=2 (full 2):
 def new generation   total 301760K, used 0K [0x0000000080000000, 0x0000000094760000, 0x00000000aaaa0000)
  eden space 268288K,   0% used [0x0000000080000000, 0x0000000080000000, 0x0000000090600000)
  from space 33472K,   0% used [0x0000000090600000, 0x0000000090600000, 0x00000000926b0000)
  to   space 33472K,   0% used [0x00000000926b0000, 0x00000000926b0000, 0x0000000094760000)
 tenured generation   total 670400K, used 32118K [0x00000000aaaa0000, 0x00000000d3950000, 0x0000000100000000)
   the space 670400K,   4% used [0x00000000aaaa0000, 0x00000000ac9fd928, 0x00000000ac9fda00, 0x00000000d3950000)
 Metaspace       used 34032K, capacity 35278K, committed 35496K, reserved 1081344K
  class space    used 3770K, capacity 4234K, committed 4352K, reserved 1048576K
}

