# JRE version: OpenJDK Runtime Environment (11.0.1+13) (build 11.0.1+13-LTS)
# Java VM: OpenJDK 64-Bit Server VM (11.0.1+13-LTS, mixed mode, tiered, compressed oops, serial gc, linux-amd64)
Heap:
 def new generation   total 301760K, used 250541K [0x0000000080000000, 0x0000000094760000, 0x00000000aaaa0000)
  eden space 268288K,  90% used [0x0000000080000000, 0x000000008ec059a8, 0x0000000090600000)
  from space 33472K,  26% used [0x0000000090600000, 0x0000000090ea5ce8, 0x00000000926b0000)
  to   space 33472K,   0% used [0x00000000926b0000, 0x00000000926b0000, 0x0000000094760000)
 tenured generation   total 670400K, used 31861K [0x00000000aaaa0000, 0x00000000d3950000, 0x0000000100000000)
   the space 670400K,   4% used [0x00000000aaaa0000, 0x00000000ac9bd618, 0x00000000ac9bd800, 0x00000000d3950000)
 Metaspace       used 41738K, capacity 44559K, committed 44840K, reserved 1089536K
  class space    used 4772K, capacity 5727K, committed 5760K, reserved 1048576K
GC Heap History (8 events):
Event: 4.007 GC heap before
{Heap before GC invocations=0 (full 0):
 def new generation   total 301696K, used 102175K [0x0000000080000000, 0x0000000094750000, 0x00000000aaaa0000)
  eden space 268224K,  38% used [0x0000000080000000, 0x00000000863c7fe0, 0x00000000905f0000)
  from space 33472K,   0% used [0x00000000905f0000, 0x00000000905f0000, 0x00000000926a0000)
  to   space 33472K,   0% used [0x00000000926a0000, 0x00000000926a0000, 0x0000000094750000)
 tenured generation   total 670400K, used 0K [0x00000000aaaa0000, 0x00000000d3950000, 0x0000000100000000)
   the space 670400K,   0% used [0x00000000aaaa0000, 0x00000000aaaa0000, 0x00000000aaaa0200, 0x00000000d3950000)
 Metaspace       used 20835K, capacity 21188K, committed 21296K, reserved 1069056K
  class space    used 1974K, capacity 2118K, committed 2176K, reserved 1048576K
}
Event: 4.072 GC heap after
{Heap after GC invocations=1 (full 1):
 def new generation   total 301760K, used 0K [0x0000000080000000, 0x0000000094760000, 0x00000000aaaa0000)
  eden space 268288K,   0% used [0x0000000080000000, 0x0000000080000000, 0x0000000090600000)
  from space 33472K,   0% used [0x0000000090600000, 0x0000000090600000, 0x00000000926b0000)
  to   space 33472K,   0% used [0x00000000926b0000, 0x00000000926b0000, 0x0000000094760000)
 tenured generation   total 670400K, used 14371K [0x00000000aaaa0000, 0x00000000d3950000, 0x0000000100000000)
   the space 670400K,   2% used [0x00000000aaaa0000, 0x00000000ab8a8de0, 0x00000000ab8a8e00, 0x00000000d3950000)
 Metaspace       used 20835K, capacity 21188K, committed 21296K, reserved 1069056K
  class space    used 1974K, capacity 2118K, committed 2176K, reserved 1048576K
}
Event: 69.706 GC heap before
{Heap before GC invocations=1 (full 1):
 def new generation   total 301760K, used 257677K [0x0000000080000000, 0x0000000094760000, 0x00000000aaaa0000)
  eden space 268288K,  96% used [0x0000000080000000, 0x000000008fba35d8, 0x0000000090600000)
  from space 33472K,   0% used [0x0000000090600000, 0x0000000090600000, 0x00000000926b0000)
  to   space 33472K,   0% used [0x00000000926b0000, 0x00000000926b0000, 0x0000000094760000)
 tenured generation   total 670400K, used 14371K [0x00000000aaaa0000, 0x00000000d3950000, 0x0000000100000000)
   the space 670400K,   2% used [0x00000000aaaa0000, 0x00000000ab8a8de0, 0x00000000ab8a8e00, 0x00000000d3950000)
 Metaspace       used 34032K, capacity 35300K, committed 35496K, reserved 1081344K
  class space    used 3765K, capacity 4240K, committed 4352K, reserved 1048576K
}
Event: 69.854 GC heap after
{Heap after GC invocations=2 (full 2):
 def new generation   total 301760K, used 0K [0x0000000080000000, 0x0000000094760000, 0x00000000aaaa0000)
  eden space 268288K,   0% used [0x0000000080000000, 0x0000000080000000, 0x0000000090600000)
  from space 33472K,   0% used [0x0000000090600000, 0x0000000090600000, 0x00000000926b0000)
  to   space 33472K,   0% used [0x00000000926b0000, 0x00000000926b0000, 0x0000000094760000)
 tenured generation   total 670400K, used 31861K [0x00000000aaaa0000, 0x00000000d3950000, 0x0000000100000000)
   the space 670400K,   4% used [0x00000000aaaa0000, 0x00000000ac9bd618, 0x00000000ac9bd800, 0x00000000d3950000)
 Metaspace       used 34032K, capacity 35300K, committed 35496K, reserved 1081344K
  class space    used 3765K, capacity 4240K, committed 4352K, reserved 1048576K
}
Event: 75.133 GC heap before
{Heap before GC invocations=2 (full 2):
 def new generation   total 301760K, used 268288K [0x0000000080000000, 0x0000000094760000, 0x00000000aaaa0000)
  eden space 268288K, 100% used [0x0000000080000000, 0x0000000090600000, 0x0000000090600000)
  from space 33472K,   0% used [0x0000000090600000, 0x0000000090600000, 0x00000000926b0000)
  to   space 33472K,   0% used [0x00000000926b0000, 0x00000000926b0000, 0x0000000094760000)
 tenured generation   total 670400K, used 31861K [0x00000000aaaa0000, 0x00000000d3950000, 0x0000000100000000)
   the space 670400K,   4% used [0x00000000aaaa0000, 0x00000000ac9bd618, 0x00000000ac9bd800, 0x00000000d3950000)
 Metaspace       used 37820K, capacity 39440K, committed 39592K, reserved 1083392K
  class space    used 4184K, capacity 4762K, committed 4864K, reserved 1048576K
}
Event: 75.199 GC heap after
{Heap after GC invocations=3 (full 2):
 def new generation   total 301760K, used 5937K [0x0000000080000000, 0x0000000094760000, 0x00000000aaaa0000)
  eden space 268288K,   0% used [0x0000000080000000, 0x0000000080000000, 0x0000000090600000)
  from space 33472K,  17% used [0x00000000926b0000, 0x0000000092c7c480, 0x0000000094760000)
  to   space 33472K,   0% used [0x0000000090600000, 0x0000000090600000, 0x00000000926b0000)
 tenured generation   total 670400K, used 31861K [0x00000000aaaa0000, 0x00000000d3950000, 0x0000000100000000)
   the space 670400K,   4% used [0x00000000aaaa0000, 0x00000000ac9bd618, 0x00000000ac9bd800, 0x00000000d3950000)
 Metaspace       used 37820K, capacity 39440K, committed 39592K, reserved 1083392K
  class space    used 4184K, capacity 4762K, committed 4864K, reserved 1048576K
}
Event: 89.460 GC heap before
{Heap before GC invocations=3 (full 2):
 def new generation   total 301760K, used 274225K [0x0000000080000000, 0x0000000094760000, 0x00000000aaaa0000)
  eden space 268288K, 100% used [0x0000000080000000, 0x0000000090600000, 0x0000000090600000)
  from space 33472K,  17% used [0x00000000926b0000, 0x0000000092c7c480, 0x0000000094760000)
  to   space 33472K,   0% used [0x0000000090600000, 0x0000000090600000, 0x00000000926b0000)
 tenured generation   total 670400K, used 31861K [0x00000000aaaa0000, 0x00000000d3950000, 0x0000000100000000)
   the space 670400K,   4% used [0x00000000aaaa0000, 0x00000000ac9bd618, 0x00000000ac9bd800, 0x00000000d3950000)
 Metaspace       used 38926K, capacity 41004K, committed 41384K, reserved 1085440K
  class space    used 4318K, capacity 5011K, committed 5120K, reserved 1048576K
}
Event: 89.506 GC heap after
{Heap after GC invocations=4 (full 2):
 def new generation   total 301760K, used 8855K [0x0000000080000000, 0x0000000094760000, 0x00000000aaaa0000)
  eden space 268288K,   0% used [0x0000000080000000, 0x0000000080000000, 0x0000000090600000)
  from space 33472K,  26% used [0x0000000090600000, 0x0000000090ea5ce8, 0x00000000926b0000)
  to   space 33472K,   0% used [0x00000000926b0000, 0x00000000926b0000, 0x0000000094760000)
 tenured generation   total 670400K, used 31861K [0x00000000aaaa0000, 0x00000000d3950000, 0x0000000100000000)
   the space 670400K,   4% used [0x00000000aaaa0000, 0x00000000ac9bd618, 0x00000000ac9bd800, 0x00000000d3950000)
 Metaspace       used 38926K, capacity 41004K, committed 41384K, reserved 1085440K
  class space    used 4318K, capacity 5011K, committed 5120K, reserved 1048576K
}

