# JRE version: OpenJDK Runtime Environment (11.0.1+13) (build 11.0.1+13-LTS)
# Java VM: OpenJDK 64-Bit Server VM (11.0.1+13-LTS, mixed mode, tiered, compressed oops, serial gc, linux-amd64)
Heap:
 def new generation   total 301760K, used 190512K [0x0000000080000000, 0x0000000094760000, 0x00000000aaaa0000)
  eden space 268288K,  71% used [0x0000000080000000, 0x000000008ba0c3c8, 0x0000000090600000)
  from space 33472K,   0% used [0x0000000090600000, 0x0000000090600000, 0x00000000926b0000)
  to   space 33472K,   0% used [0x00000000926b0000, 0x00000000926b0000, 0x0000000094760000)
 tenured generation   total 670400K, used 32016K [0x00000000aaaa0000, 0x00000000d3950000, 0x0000000100000000)
   the space 670400K,   4% used [0x00000000aaaa0000, 0x00000000ac9e43f8, 0x00000000ac9e4400, 0x00000000d3950000)
 Metaspace       used 39199K, capacity 41004K, committed 41128K, reserved 1085440K
  class space    used 4474K, capacity 5119K, committed 5120K, reserved 1048576K
GC Heap History (4 events):
Event: 2.363 GC heap before
{Heap before GC invocations=0 (full 0):
 def new generation   total 301696K, used 102174K [0x0000000080000000, 0x0000000094750000, 0x00000000aaaa0000)
  eden space 268224K,  38% used [0x0000000080000000, 0x00000000863c7b10, 0x00000000905f0000)
  from space 33472K,   0% used [0x00000000905f0000, 0x00000000905f0000, 0x00000000926a0000)
  to   space 33472K,   0% used [0x00000000926a0000, 0x00000000926a0000, 0x0000000094750000)
 tenured generation   total 670400K, used 0K [0x00000000aaaa0000, 0x00000000d3950000, 0x0000000100000000)
   the space 670400K,   0% used [0x00000000aaaa0000, 0x00000000aaaa0000, 0x00000000aaaa0200, 0x00000000d3950000)
 Metaspace       used 20818K, capacity 21182K, committed 21296K, reserved 1069056K
  class space    used 1967K, capacity 2116K, committed 2176K, reserved 1048576K
}
Event: 2.485 GC heap after
{Heap after GC invocations=1 (full 1):
 def new generation   total 301760K, used 0K [0x0000000080000000, 0x0000000094760000, 0x00000000aaaa0000)
  eden space 268288K,   0% used [0x0000000080000000, 0x0000000080000000, 0x0000000090600000)
  from space 33472K,   0% used [0x0000000090600000, 0x0000000090600000, 0x00000000926b0000)
  to   space 33472K,   0% used [0x00000000926b0000, 0x00000000926b0000, 0x0000000094760000)
 tenured generation   total 670400K, used 14275K [0x00000000aaaa0000, 0x00000000d3950000, 0x0000000100000000)
   the space 670400K,   2% used [0x00000000aaaa0000, 0x00000000ab890f50, 0x00000000ab891000, 0x00000000d3950000)
 Metaspace       used 20818K, capacity 21182K, committed 21296K, reserved 1069056K
  class space    used 1967K, capacity 2116K, committed 2176K, reserved 1048576K
}
Event: 5.729 GC heap before
{Heap before GC invocations=1 (full 1):
 def new generation   total 301760K, used 262965K [0x0000000080000000, 0x0000000094760000, 0x00000000aaaa0000)
  eden space 268288K,  98% used [0x0000000080000000, 0x00000000900cd460, 0x0000000090600000)
  from space 33472K,   0% used [0x0000000090600000, 0x0000000090600000, 0x00000000926b0000)
  to   space 33472K,   0% used [0x00000000926b0000, 0x00000000926b0000, 0x0000000094760000)
 tenured generation   total 670400K, used 14275K [0x00000000aaaa0000, 0x00000000d3950000, 0x0000000100000000)
   the space 670400K,   2% used [0x00000000aaaa0000, 0x00000000ab890f50, 0x00000000ab891000, 0x00000000d3950000)
 Metaspace       used 34007K, capacity 35266K, committed 35496K, reserved 1081344K
  class space    used 3766K, capacity 4231K, committed 4352K, reserved 1048576K
}
Event: 5.897 GC heap after
{Heap after GC invocations=2 (full 2):
 def new generation   total 301760K, used 0K [0x0000000080000000, 0x0000000094760000, 0x00000000aaaa0000)
  eden space 268288K,   0% used [0x0000000080000000, 0x0000000080000000, 0x0000000090600000)
  from space 33472K,   0% used [0x0000000090600000, 0x0000000090600000, 0x00000000926b0000)
  to   space 33472K,   0% used [0x00000000926b0000, 0x00000000926b0000, 0x0000000094760000)
 tenured generation   total 670400K, used 32016K [0x00000000aaaa0000, 0x00000000d3950000, 0x0000000100000000)
   the space 670400K,   4% used [0x00000000aaaa0000, 0x00000000ac9e43f8, 0x00000000ac9e4400, 0x00000000d3950000)
 Metaspace       used 34007K, capacity 35266K, committed 35496K, reserved 1081344K
  class space    used 3766K, capacity 4231K, committed 4352K, reserved 1048576K
}

